<?xml version="1.0" encoding="UTF-8"?>
<!-- Generated by org.testng.reporters.JUnitXMLReporter -->
<testsuite ignored="0" hostname="CB/IT/01/683" failures="0" tests="3" name="Default test" time="4.776" errors="0" timestamp="2022-01-29T12:22:50 IST">
  <testcase classname="TC002_VALIDATE_ASSIGNMENT" name="validateAssignmentDetails" time="2.71"/>
  <testcase classname="TC003_VALIDATE_INVALID_APIKEY" name="Validate_InvalidAPIKEY" time="0.926"/>
  <testcase classname="TC001_ASSIGNMENT" name="getpromotiondetails" time="1.117"/>
</testsuite> <!-- Default test -->
