<?xml version="1.0" encoding="UTF-8"?>
<!-- Generated by org.testng.reporters.JUnitXMLReporter -->
<testsuite ignored="0" hostname="CB/IT/01/683" failures="0" tests="9" name="Default test" time="10.323" errors="0" timestamp="2022-02-01T12:36:52 IST">
  <testcase classname="com.APITesting.testCases.TC003_VALIDATE_INVALID_APIKEY" name="Validate_InvalidAPIKEY" time="1.728"/>
  <testcase classname="com.APITesting.testCases.TC003_VALIDATE_INVALID_APIKEY" name="Validate_InvalidAPIKEY" time="1.247"/>
  <testcase classname="com.APITesting.testCases.TC003_VALIDATE_INVALID_APIKEY" name="Validate_InvalidAPIKEY" time="0.995"/>
  <testcase classname="com.APITesting.testCases.TC003_VALIDATE_INVALID_APIKEY" name="Validate_InvalidAPIKEY" time="1.056"/>
  <testcase classname="com.APITesting.testCases.TC003_VALIDATE_INVALID_APIKEY" name="Validate_InvalidAPIKEY" time="0.832"/>
  <testcase classname="com.APITesting.testCases.TC003_VALIDATE_INVALID_APIKEY" name="Validate_InvalidAPIKEY" time="0.811"/>
  <testcase classname="com.APITesting.testCases.TC003_VALIDATE_INVALID_APIKEY" name="Validate_InvalidAPIKEY" time="0.949"/>
  <testcase classname="com.APITesting.testCases.TC003_VALIDATE_INVALID_APIKEY" name="Validate_InvalidAPIKEY" time="0.961"/>
  <testcase classname="com.APITesting.testCases.TC003_VALIDATE_INVALID_APIKEY" name="Validate_InvalidAPIKEY" time="0.802"/>
</testsuite> <!-- Default test -->
