<?xml version="1.0" encoding="UTF-8"?>
<testng-results ignored="0" total="3" passed="3" failed="0" skipped="0">
  <reporter-output>
  </reporter-output>
  <suite started-at="2022-01-29T12:22:46 IST" name="Default suite" finished-at="2022-01-29T12:22:50 IST" duration-ms="4776">
    <groups>
    </groups>
    <test started-at="2022-01-29T12:22:46 IST" name="Default test" finished-at="2022-01-29T12:22:50 IST" duration-ms="4776">
      <class name="TC002_VALIDATE_ASSIGNMENT">
        <test-method signature="validateAssignmentDetails()[pri:0, instance:TC002_VALIDATE_ASSIGNMENT@31e5415e]" started-at="2022-01-29T12:22:46 IST" name="validateAssignmentDetails" finished-at="2022-01-29T12:22:48 IST" duration-ms="2710" status="PASS">
          <reporter-output>
          </reporter-output>
        </test-method> <!-- validateAssignmentDetails -->
      </class> <!-- TC002_VALIDATE_ASSIGNMENT -->
      <class name="TC003_VALIDATE_INVALID_APIKEY">
        <test-method signature="Validate_InvalidAPIKEY()[pri:0, instance:TC003_VALIDATE_INVALID_APIKEY@6bedbc4d]" started-at="2022-01-29T12:22:48 IST" name="Validate_InvalidAPIKEY" finished-at="2022-01-29T12:22:49 IST" duration-ms="926" status="PASS">
          <reporter-output>
          </reporter-output>
        </test-method> <!-- Validate_InvalidAPIKEY -->
      </class> <!-- TC003_VALIDATE_INVALID_APIKEY -->
      <class name="TC001_ASSIGNMENT">
        <test-method signature="getpromotiondetails()[pri:0, instance:TC001_ASSIGNMENT@932bc4a]" started-at="2022-01-29T12:22:49 IST" name="getpromotiondetails" finished-at="2022-01-29T12:22:50 IST" duration-ms="1117" status="PASS">
          <reporter-output>
          </reporter-output>
        </test-method> <!-- getpromotiondetails -->
      </class> <!-- TC001_ASSIGNMENT -->
    </test> <!-- Default test -->
  </suite> <!-- Default suite -->
</testng-results>
