<?xml version="1.0" encoding="UTF-8"?>
<!-- Generated by org.testng.reporters.JUnitXMLReporter -->
<testsuite ignored="0" hostname="CB/IT/01/683" failures="0" tests="17" name="RestAssuredAPITesting" time="13.92" errors="0" timestamp="2022-02-01T13:26:05 IST">
  <testcase classname="com.APITesting.testCases.TC001_ASSIGNMENT" name="validateJSONObjectsExistance" time="0.008"/>
  <testcase classname="com.APITesting.testCases.TC001_ASSIGNMENT" name="validateLocalizedTextsObject" time="0.313"/>
  <testcase classname="com.APITesting.testCases.TC001_ASSIGNMENT" name="validateShowTextObject" time="0.009"/>
  <testcase classname="com.APITesting.testCases.TC001_ASSIGNMENT" name="validateShowpriceObject" time="0.007"/>
  <testcase classname="com.APITesting.testCases.TC001_ASSIGNMENT" name="validateStatusCode" time="0.001"/>
  <testcase classname="com.APITesting.testCases.TC001_ASSIGNMENT" name="validateStatusLine" time="0.001"/>
  <testcase classname="com.APITesting.testCases.TC002_VALIDATE_ASSIGNMENT" name="validateProgramTypeObject" time="0.098"/>
  <testcase classname="com.APITesting.testCases.TC002_VALIDATE_ASSIGNMENT" name="validatePromotionIDObject" time="0.009"/>
  <testcase classname="com.APITesting.testCases.TC003_VALIDATE_INVALID_APIKEY" name="Validate_InvalidAPIKEY" time="0.885"/>
  <testcase classname="com.APITesting.testCases.TC003_VALIDATE_INVALID_APIKEY" name="Validate_InvalidAPIKEY" time="1.129"/>
  <testcase classname="com.APITesting.testCases.TC003_VALIDATE_INVALID_APIKEY" name="Validate_InvalidAPIKEY" time="0.896"/>
  <testcase classname="com.APITesting.testCases.TC003_VALIDATE_INVALID_APIKEY" name="Validate_InvalidAPIKEY" time="0.845"/>
  <testcase classname="com.APITesting.testCases.TC003_VALIDATE_INVALID_APIKEY" name="Validate_InvalidAPIKEY" time="0.818"/>
  <testcase classname="com.APITesting.testCases.TC003_VALIDATE_INVALID_APIKEY" name="Validate_InvalidAPIKEY" time="0.985"/>
  <testcase classname="com.APITesting.testCases.TC003_VALIDATE_INVALID_APIKEY" name="Validate_InvalidAPIKEY" time="0.833"/>
  <testcase classname="com.APITesting.testCases.TC003_VALIDATE_INVALID_APIKEY" name="Validate_InvalidAPIKEY" time="0.83"/>
  <testcase classname="com.APITesting.testCases.TC003_VALIDATE_INVALID_APIKEY" name="Validate_InvalidAPIKEY" time="0.828"/>
</testsuite> <!-- RestAssuredAPITesting -->
